<?xml version="1.0" encoding="UTF-8"?>
<!-- Generated by org.testng.reporters.JUnitReportReporter -->
<testsuite skipped="0" hostname="DESKTOP-LBN8TGD" name="testng.Parameter2" tests="2" failures="0" timestamp="03 Apr 2019 12:54:14 GMT" time="0.019" errors="0">
  <testcase name="test" time="0.002" classname="testng.Parameter2"/>
  <testcase name="test" time="0.017" classname="testng.Parameter2"/>
</testsuite> <!-- testng.Parameter2 -->
