<?xml version="1.0" encoding="UTF-8"?>
<!-- Generated by org.testng.reporters.JUnitReportReporter -->
<testsuite skipped="0" hostname="DESKTOP-LBN8TGD" name="testng.test1" tests="1" failures="0" timestamp="29 Mar 2019 07:22:08 GMT" time="0.015" errors="0">
  <testcase name="run" time="0.015" classname="testng.test1"/>
</testsuite> <!-- testng.test1 -->
