<?xml version="1.0" encoding="UTF-8"?>
<!-- Generated by org.testng.reporters.JUnitReportReporter -->
<testsuite skipped="0" hostname="DESKTOP-LBN8TGD" name="testng.DataProviderTest" tests="3" failures="0" timestamp="03 Apr 2019 11:33:00 GMT" time="20.018" errors="0">
  <testcase name="test" time="7.096" classname="testng.DataProviderTest"/>
  <testcase name="test" time="6.629" classname="testng.DataProviderTest"/>
  <testcase name="test" time="6.293" classname="testng.DataProviderTest"/>
</testsuite> <!-- testng.DataProviderTest -->
